<?xml version="1.0" encoding="UTF-8"?>
<!-- Generated by org.testng.reporters.JUnitReportReporter -->
<testsuite skipped="0" hostname="LAPTOP-T7U78EHF" name="scripts.Demo" tests="1" failures="0" timestamp="2021-12-23T08:02:38 IST" time="10.705" errors="0">
  <testcase name="testA" time="10.705" classname="scripts.Demo"/>
  <system-out>
    <![CDATA[XL Data:admin
Demo test]]>
  </system-out>
</testsuite> <!-- scripts.Demo -->
